0 info it worked if it ends with ok
1 verbose cli [ '/usr/local/bin/node',
1 verbose cli   '/usr/local/bin/npm',
1 verbose cli   'install',
1 verbose cli   '-g',
1 verbose cli   'learnyounode' ]
2 info using npm@2.15.8
3 info using node@v4.4.7
4 verbose install initial load of /usr/local/lib/package.json
5 verbose readDependencies loading dependencies from /usr/local/lib/package.json
6 silly cache add args [ 'learnyounode', null ]
7 verbose cache add spec learnyounode
8 silly cache add parsed spec Result {
8 silly cache add   raw: 'learnyounode',
8 silly cache add   scope: null,
8 silly cache add   name: 'learnyounode',
8 silly cache add   rawSpec: '',
8 silly cache add   spec: 'latest',
8 silly cache add   type: 'tag' }
9 silly addNamed learnyounode@latest
10 verbose addNamed "latest" is being treated as a dist-tag for learnyounode
11 info addNameTag [ 'learnyounode', 'latest' ]
12 silly mapToRegistry name learnyounode
13 silly mapToRegistry using default registry
14 silly mapToRegistry registry https://registry.npmjs.org/
15 silly mapToRegistry data Result {
15 silly mapToRegistry   raw: 'learnyounode',
15 silly mapToRegistry   scope: null,
15 silly mapToRegistry   name: 'learnyounode',
15 silly mapToRegistry   rawSpec: '',
15 silly mapToRegistry   spec: 'latest',
15 silly mapToRegistry   type: 'tag' }
16 silly mapToRegistry uri https://registry.npmjs.org/learnyounode
17 verbose addNameTag registry:https://registry.npmjs.org/learnyounode not in flight; fetching
18 verbose request uri https://registry.npmjs.org/learnyounode
19 verbose request no auth needed
20 info attempt registry request try #1 at 2:22:36 PM
21 verbose request id 710d5dffaa4c0af0
22 verbose etag "6P72A0R87Y5R99DSAATSRK6QR"
23 http request GET https://registry.npmjs.org/learnyounode
24 http 304 https://registry.npmjs.org/learnyounode
25 verbose headers { date: 'Wed, 27 Jul 2016 19:22:36 GMT',
25 verbose headers   via: '1.1 varnish',
25 verbose headers   'cache-control': 'max-age=300',
25 verbose headers   etag: '"6P72A0R87Y5R99DSAATSRK6QR"',
25 verbose headers   age: '0',
25 verbose headers   connection: 'keep-alive',
25 verbose headers   'x-served-by': 'cache-dfw1832-DFW',
25 verbose headers   'x-cache': 'HIT',
25 verbose headers   'x-cache-hits': '1',
25 verbose headers   'x-timer': 'S1469647356.770447,VS0,VE51',
25 verbose headers   vary: 'Accept-Encoding' }
26 silly get cb [ 304,
26 silly get   { date: 'Wed, 27 Jul 2016 19:22:36 GMT',
26 silly get     via: '1.1 varnish',
26 silly get     'cache-control': 'max-age=300',
26 silly get     etag: '"6P72A0R87Y5R99DSAATSRK6QR"',
26 silly get     age: '0',
26 silly get     connection: 'keep-alive',
26 silly get     'x-served-by': 'cache-dfw1832-DFW',
26 silly get     'x-cache': 'HIT',
26 silly get     'x-cache-hits': '1',
26 silly get     'x-timer': 'S1469647356.770447,VS0,VE51',
26 silly get     vary: 'Accept-Encoding' } ]
27 verbose etag https://registry.npmjs.org/learnyounode from cache
28 verbose get saving learnyounode to /Users/bob/.npm/registry.npmjs.org/learnyounode/.cache.json
29 verbose correctMkdir /Users/bob/.npm correctMkdir not in flight; initializing
30 silly addNameTag next cb for learnyounode with tag latest
31 silly addNamed learnyounode@3.5.3
32 verbose addNamed "3.5.3" is a plain semver version for learnyounode
33 silly cache afterAdd learnyounode@3.5.3
34 verbose afterAdd /Users/bob/.npm/learnyounode/3.5.3/package/package.json not in flight; writing
35 verbose correctMkdir /Users/bob/.npm correctMkdir not in flight; initializing
36 verbose afterAdd /Users/bob/.npm/learnyounode/3.5.3/package/package.json written
37 silly install resolved [ { name: 'learnyounode',
37 silly install resolved     version: '3.5.3',
37 silly install resolved     description: 'Learn You The Node.js For Much Win! An intro to Node.js via a set of self-guided workshops.',
37 silly install resolved     author:
37 silly install resolved      { name: 'Rod Vagg',
37 silly install resolved        email: 'rod@vagg.org',
37 silly install resolved        url: 'https://github.com/rvagg' },
37 silly install resolved     contributors:
37 silly install resolved      [ [Object],
37 silly install resolved        [Object],
37 silly install resolved        [Object],
37 silly install resolved        [Object],
37 silly install resolved        [Object],
37 silly install resolved        [Object],
37 silly install resolved        [Object],
37 silly install resolved        [Object],
37 silly install resolved        [Object],
37 silly install resolved        [Object],
37 silly install resolved        [Object],
37 silly install resolved        [Object],
37 silly install resolved        [Object],
37 silly install resolved        [Object],
37 silly install resolved        [Object],
37 silly install resolved        [Object],
37 silly install resolved        [Object],
37 silly install resolved        [Object],
37 silly install resolved        [Object],
37 silly install resolved        [Object],
37 silly install resolved        [Object],
37 silly install resolved        [Object],
37 silly install resolved        [Object],
37 silly install resolved        [Object],
37 silly install resolved        [Object],
37 silly install resolved        [Object],
37 silly install resolved        [Object],
37 silly install resolved        [Object],
37 silly install resolved        [Object],
37 silly install resolved        [Object],
37 silly install resolved        [Object],
37 silly install resolved        [Object],
37 silly install resolved        [Object],
37 silly install resolved        [Object],
37 silly install resolved        [Object],
37 silly install resolved        [Object],
37 silly install resolved        [Object],
37 silly install resolved        [Object],
37 silly install resolved        [Object],
37 silly install resolved        [Object],
37 silly install resolved        [Object],
37 silly install resolved        [Object],
37 silly install resolved        [Object],
37 silly install resolved        [Object],
37 silly install resolved        [Object] ],
37 silly install resolved     repository:
37 silly install resolved      { type: 'git',
37 silly install resolved        url: 'git+https://github.com/workshopper/learnyounode.git' },
37 silly install resolved     license: 'MIT',
37 silly install resolved     dependencies:
37 silly install resolved      { after: '~0.8.1',
37 silly install resolved        bl: '^1.1.2',
37 silly install resolved        boganipsum: '~0.1.0',
37 silly install resolved        'colors-tmpl': '^1.0.0',
37 silly install resolved        'combined-stream': '^1.0.5',
37 silly install resolved        'concat-stream': '^1.5.1',
37 silly install resolved        duplexer: '^0.1.1',
37 silly install resolved        hyperquest: '^1.3.0',
37 silly install resolved        rimraf: '^2.5.2',
37 silly install resolved        through: '^2.3.8',
37 silly install resolved        through2: '^2.0.1',
37 silly install resolved        'through2-map': '^2.0.0',
37 silly install resolved        'workshopper-adventure': '^4.6.1',
37 silly install resolved        'workshopper-exercise': '^2.7.0',
37 silly install resolved        'workshopper-wrappedexec': '~0.1.1' },
37 silly install resolved     devDependencies: { 'workshopper-adventure-test': '^1.0.4' },
37 silly install resolved     scripts: { test: 'workshopper-adventure-test' },
37 silly install resolved     bin: { learnyounode: './bin/learnyounode' },
37 silly install resolved     main: './learnyounode.js',
37 silly install resolved     preferGlobal: true,
37 silly install resolved     gitHead: '681e03aeecd5fa88bd7e7f53f17b9e7c1e46bbbe',
37 silly install resolved     bugs: { url: 'https://github.com/workshopper/learnyounode/issues' },
37 silly install resolved     homepage: 'https://github.com/workshopper/learnyounode#readme',
37 silly install resolved     _id: 'learnyounode@3.5.3',
37 silly install resolved     _shasum: 'c060afcd51c563e2281982bfed831fc14c6fa783',
37 silly install resolved     _from: 'learnyounode@latest',
37 silly install resolved     _npmVersion: '3.9.0',
37 silly install resolved     _nodeVersion: '5.10.0',
37 silly install resolved     _npmUser: { name: 'leichtgewicht', email: 'martin.heidegger@gmail.com' },
37 silly install resolved     dist:
37 silly install resolved      { shasum: 'c060afcd51c563e2281982bfed831fc14c6fa783',
37 silly install resolved        tarball: 'https://registry.npmjs.org/learnyounode/-/learnyounode-3.5.3.tgz' },
37 silly install resolved     maintainers: [ [Object], [Object], [Object] ],
37 silly install resolved     _npmOperationalInternal:
37 silly install resolved      { host: 'packages-12-west.internal.npmjs.com',
37 silly install resolved        tmp: 'tmp/learnyounode-3.5.3.tgz_1463922848542_0.828220488736406' },
37 silly install resolved     directories: {},
37 silly install resolved     _resolved: 'https://registry.npmjs.org/learnyounode/-/learnyounode-3.5.3.tgz',
37 silly install resolved     readme: 'ERROR: No README data found!' } ]
38 info install learnyounode@3.5.3 into /usr/local/lib
39 info installOne learnyounode@3.5.3
40 verbose installOne of learnyounode to /usr/local/lib not in flight; installing
41 verbose correctMkdir /Users/bob/.npm/_locks correctMkdir not in flight; initializing
42 verbose lock using /Users/bob/.npm/_locks/learnyounode-3267a39f0ae1a4f5.lock for /usr/local/lib/node_modules/learnyounode
43 silly install write writing learnyounode 3.5.3 to /usr/local/lib/node_modules/learnyounode
44 verbose unbuild lib/node_modules/learnyounode
45 silly gentlyRm /usr/local/lib/node_modules/learnyounode is being purged from base /usr/local
46 verbose gentlyRm don't care about contents; nuking /usr/local/lib/node_modules/learnyounode
47 verbose tar unpack /Users/bob/.npm/learnyounode/3.5.3/package.tgz
48 verbose tar unpacking to /usr/local/lib/node_modules/learnyounode
49 silly gentlyRm /usr/local/lib/node_modules/learnyounode is being purged
50 verbose gentlyRm don't care about contents; nuking /usr/local/lib/node_modules/learnyounode
51 silly gunzTarPerm modes [ '755', '644' ]
52 error tar.unpack untar error /Users/bob/.npm/learnyounode/3.5.3/package.tgz
53 verbose unlock done using /Users/bob/.npm/_locks/learnyounode-3267a39f0ae1a4f5.lock for /usr/local/lib/node_modules/learnyounode
54 verbose fstream_path /usr/local/lib/node_modules/learnyounode
55 verbose fstream_type Directory
56 verbose fstream_class DirWriter
57 verbose stack Error: EACCES: permission denied, mkdir '/usr/local/lib/node_modules/learnyounode'
57 verbose stack     at Error (native)
58 verbose fstream_stack /usr/local/lib/node_modules/npm/node_modules/fstream/lib/dir-writer.js:35:25
58 verbose fstream_stack /usr/local/lib/node_modules/npm/node_modules/mkdirp/index.js:47:53
58 verbose fstream_stack FSReqWrap.oncomplete (fs.js:82:15)
59 verbose cwd /Users/bob/Google Drive/1-Code/Learn
60 error Darwin 15.6.0
61 error argv "/usr/local/bin/node" "/usr/local/bin/npm" "install" "-g" "learnyounode"
62 error node v4.4.7
63 error npm  v2.15.8
64 error path /usr/local/lib/node_modules/learnyounode
65 error code EACCES
66 error errno -13
67 error syscall mkdir
68 error Error: EACCES: permission denied, mkdir '/usr/local/lib/node_modules/learnyounode'
68 error     at Error (native)
68 error  { [Error: EACCES: permission denied, mkdir '/usr/local/lib/node_modules/learnyounode']
68 error   errno: -13,
68 error   code: 'EACCES',
68 error   syscall: 'mkdir',
68 error   path: '/usr/local/lib/node_modules/learnyounode',
68 error   fstream_type: 'Directory',
68 error   fstream_path: '/usr/local/lib/node_modules/learnyounode',
68 error   fstream_class: 'DirWriter',
68 error   fstream_stack:
68 error    [ '/usr/local/lib/node_modules/npm/node_modules/fstream/lib/dir-writer.js:35:25',
68 error      '/usr/local/lib/node_modules/npm/node_modules/mkdirp/index.js:47:53',
68 error      'FSReqWrap.oncomplete (fs.js:82:15)' ] }
69 error Please try running this command again as root/Administrator.
70 verbose exit [ -13, true ]
71 verbose unbuild lib/node_modules/learnyounode
72 silly gentlyRm /usr/local/lib/node_modules/learnyounode is being purged from base /usr/local
73 verbose gentlyRm don't care about contents; nuking /usr/local/lib/node_modules/learnyounode
